GROUP,PACKAGE,CLASS,INSTRUCTION_MISSED,INSTRUCTION_COVERED,BRANCH_MISSED,BRANCH_COVERED,LINE_MISSED,LINE_COVERED,COMPLEXITY_MISSED,COMPLEXITY_COVERED,METHOD_MISSED,METHOD_COVERED
recipebook,com.sweng.recipebook,RecipebookApplication,0,8,0,0,0,3,0,2,0,2
recipebook,com.sweng.recipebook.data,UserDataAccess,0,55,0,2,0,13,0,4,0,3
recipebook,com.sweng.recipebook.data,DatabaseConnection,6,20,0,0,2,9,1,2,1,2
recipebook,com.sweng.recipebook.controller,UserController,0,28,0,2,0,8,0,3,0,2
recipebook,com.sweng.recipebook.models,User,5,80,0,0,1,25,0,7,0,7
