GROUP,PACKAGE,CLASS,INSTRUCTION_MISSED,INSTRUCTION_COVERED,BRANCH_MISSED,BRANCH_COVERED,LINE_MISSED,LINE_COVERED,COMPLEXITY_MISSED,COMPLEXITY_COVERED,METHOD_MISSED,METHOD_COVERED
recipebook,com.sweng.recipebook,RecipebookApplication,0,8,0,0,0,3,0,2,0,2
recipebook,com.sweng.recipebook.data,UserDataAccess,5,123,1,7,2,33,2,8,1,5
recipebook,com.sweng.recipebook.data,DatabaseConnection,6,20,0,0,2,9,1,2,1,2
recipebook,com.sweng.recipebook.controller,UserController,0,97,8,10,0,19,8,5,0,4
recipebook,com.sweng.recipebook.models,User,15,127,5,7,3,39,5,11,0,10
