GROUP,PACKAGE,CLASS,INSTRUCTION_MISSED,INSTRUCTION_COVERED,BRANCH_MISSED,BRANCH_COVERED,LINE_MISSED,LINE_COVERED,COMPLEXITY_MISSED,COMPLEXITY_COVERED,METHOD_MISSED,METHOD_COVERED
recipebook,com.sweng.recipebook.security,JWTHandler,0,87,0,0,0,19,0,4,0,4
recipebook,com.sweng.recipebook.security,JWTStatus,0,44,0,0,0,2,0,1,0,1
recipebook,com.sweng.recipebook,RecipebookApplication,0,8,0,0,0,3,0,2,0,2
recipebook,com.sweng.recipebook.data,UserDataAccess,0,124,0,6,0,33,0,9,0,6
recipebook,com.sweng.recipebook.data,DatabaseConnection,6,20,0,0,2,9,1,2,1,2
recipebook,com.sweng.recipebook.controller,UserController,0,84,1,7,0,16,1,8,0,5
recipebook,com.sweng.recipebook.models,RecipeBookUser,15,154,2,4,3,53,2,14,0,13
