<?xml version="1.0" encoding="UTF-8" standalone="yes"?><!DOCTYPE report PUBLIC "-//JACOCO//DTD Report 1.1//EN" "report.dtd"><report name="recipebook"><sessioninfo id="DESKTOP-B1I9PMJ-312c6619" start="1622213068664" dump="1622213073457"/><sessioninfo id="DESKTOP-B1I9PMJ-bc4046de" start="1622213082978" dump="1622213087763"/><sessioninfo id="DESKTOP-B1I9PMJ-f7caa1a1" start="1622214006810" dump="1622214011665"/><sessioninfo id="DESKTOP-B1I9PMJ-b3cb9213" start="1622215880230" dump="1622215885013"/><sessioninfo id="DESKTOP-B1I9PMJ-ff4a8246" start="1622215905845" dump="1622215910796"/><sessioninfo id="DESKTOP-B1I9PMJ-d1b4df9b" start="1622216424873" dump="1622216429873"/><sessioninfo id="DESKTOP-B1I9PMJ-77202fd3" start="1622216553011" dump="1622216557759"/><sessioninfo id="DESKTOP-B1I9PMJ-5eee04bd" start="1622216717547" dump="1622216723679"/><sessioninfo id="DESKTOP-B1I9PMJ-87b8b79d" start="1622217004816" dump="1622217010839"/><sessioninfo id="DESKTOP-B1I9PMJ-34b574cb" start="1622217229013" dump="1622217235189"/><sessioninfo id="DESKTOP-B1I9PMJ-17b5a71e" start="1622221036217" dump="1622221041439"/><sessioninfo id="DESKTOP-B1I9PMJ-e08eee1" start="1622226285340" dump="1622226290404"/><sessioninfo id="DESKTOP-B1I9PMJ-de34a188" start="1622227470241" dump="1622227475557"/><sessioninfo id="DESKTOP-B1I9PMJ-e6470e7b" start="1622227548285" dump="1622227553372"/><sessioninfo id="DESKTOP-B1I9PMJ-ee48791c" start="1622227797641" dump="1622227803466"/><sessioninfo id="DESKTOP-B1I9PMJ-b0308001" start="1622227825309" dump="1622227830995"/><sessioninfo id="DESKTOP-B1I9PMJ-1c656ff0" start="1622227892552" dump="1622227898280"/><sessioninfo id="DESKTOP-B1I9PMJ-f9e660a2" start="1622228168192" dump="1622228174213"/><sessioninfo id="DESKTOP-B1I9PMJ-67b92ce3" start="1622228300970" dump="1622228306450"/><sessioninfo id="DESKTOP-B1I9PMJ-56df8848" start="1622228348661" dump="1622228354082"/><sessioninfo id="DESKTOP-B1I9PMJ-61a59213" start="1622228385683" dump="1622228391012"/><sessioninfo id="DESKTOP-B1I9PMJ-863006d4" start="1622228403233" dump="1622228408834"/><sessioninfo id="DESKTOP-B1I9PMJ-e7695a99" start="1622228464648" dump="1622228469727"/><sessioninfo id="DESKTOP-B1I9PMJ-4067cbf0" start="1622228576335" dump="1622228581757"/><sessioninfo id="DESKTOP-B1I9PMJ-4b333a86" start="1622228590967" dump="1622228596705"/><sessioninfo id="DESKTOP-B1I9PMJ-ecb144c6" start="1622228605765" dump="1622228611426"/><sessioninfo id="DESKTOP-B1I9PMJ-3657372b" start="1622228650703" dump="1622228656476"/><sessioninfo id="DESKTOP-B1I9PMJ-869e7e4f" start="1622228691113" dump="1622228696751"/><sessioninfo id="DESKTOP-B1I9PMJ-7d6879f" start="1622228703972" dump="1622228709489"/><sessioninfo id="DESKTOP-B1I9PMJ-6fa0b8de" start="1622230344892" dump="1622230350554"/><sessioninfo id="DESKTOP-B1I9PMJ-60e60905" start="1622230641137" dump="1622230646855"/><sessioninfo id="DESKTOP-B1I9PMJ-5b5f06d6" start="1622230758889" dump="1622230764450"/><sessioninfo id="DESKTOP-B1I9PMJ-139aa5d2" start="1622230831031" dump="1622230836647"/><sessioninfo id="DESKTOP-B1I9PMJ-cf70c439" start="1622235963240" dump="1622235968992"/><sessioninfo id="DESKTOP-B1I9PMJ-7b9194ab" start="1622236078225" dump="1622236083909"/><sessioninfo id="DESKTOP-B1I9PMJ-9e86885f" start="1622236175329" dump="1622236180937"/><sessioninfo id="DESKTOP-B1I9PMJ-4f7a2206" start="1622236263132" dump="1622236268797"/><sessioninfo id="DESKTOP-B1I9PMJ-a3254591" start="1622236628368" dump="1622236633881"/><sessioninfo id="DESKTOP-B1I9PMJ-83282f1" start="1622237384491" dump="1622237390170"/><sessioninfo id="DESKTOP-B1I9PMJ-79904a6f" start="1622299717147" dump="1622299725756"/><sessioninfo id="DESKTOP-B1I9PMJ-efe13dfc" start="1622299763707" dump="1622299771262"/><sessioninfo id="DESKTOP-B1I9PMJ-63ea465c" start="1622343780334" dump="1622343787581"/><sessioninfo id="DESKTOP-B1I9PMJ-2bee8714" start="1622344164155" dump="1622344171214"/><sessioninfo id="DESKTOP-B1I9PMJ-48b5b024" start="1622345057384" dump="1622345064684"/><sessioninfo id="DESKTOP-B1I9PMJ-3579bca2" start="1622345159991" dump="1622345167300"/><sessioninfo id="DESKTOP-B1I9PMJ-11933583" start="1622345322345" dump="1622345329775"/><sessioninfo id="DESKTOP-B1I9PMJ-705cae83" start="1622348965285" dump="1622348973123"/><sessioninfo id="DESKTOP-B1I9PMJ-5512ae5e" start="1622385354577" dump="1622385362035"/><sessioninfo id="DESKTOP-B1I9PMJ-4b4d0ae8" start="1622385450975" dump="1622385458444"/><sessioninfo id="DESKTOP-B1I9PMJ-a5bd18a5" start="1622385488152" dump="1622385495341"/><sessioninfo id="DESKTOP-B1I9PMJ-a97de22d" start="1622385513633" dump="1622385520841"/><sessioninfo id="DESKTOP-B1I9PMJ-50e0a87f" start="1622385580905" dump="1622385588476"/><sessioninfo id="DESKTOP-B1I9PMJ-70fa1253" start="1622385663528" dump="1622385670858"/><sessioninfo id="DESKTOP-B1I9PMJ-d9c57af9" start="1622385722559" dump="1622385731752"/><sessioninfo id="DESKTOP-B1I9PMJ-f1cfb129" start="1622385742183" dump="1622385749678"/><sessioninfo id="DESKTOP-B1I9PMJ-4edb297a" start="1622385763587" dump="1622385771119"/><sessioninfo id="DESKTOP-B1I9PMJ-297d48b6" start="1622385856240" dump="1622385863532"/><sessioninfo id="DESKTOP-B1I9PMJ-133056e0" start="1622385963233" dump="1622385970610"/><sessioninfo id="DESKTOP-B1I9PMJ-b401ba87" start="1622385998354" dump="1622386005826"/><sessioninfo id="DESKTOP-B1I9PMJ-d709e6cf" start="1622386067311" dump="1622386075054"/><sessioninfo id="DESKTOP-B1I9PMJ-d8f1b087" start="1622386117485" dump="1622386124697"/><sessioninfo id="DESKTOP-B1I9PMJ-cb849881" start="1622386183133" dump="1622386190325"/><sessioninfo id="DESKTOP-B1I9PMJ-2f0ae07b" start="1622386238174" dump="1622386245591"/><sessioninfo id="DESKTOP-B1I9PMJ-db663beb" start="1622386403221" dump="1622386410857"/><sessioninfo id="DESKTOP-B1I9PMJ-5c5147a9" start="1622386428513" dump="1622386435879"/><sessioninfo id="DESKTOP-B1I9PMJ-9f60d25b" start="1622386988215" dump="1622386996071"/><sessioninfo id="DESKTOP-B1I9PMJ-b7eb9c80" start="1622387016515" dump="1622387024268"/><sessioninfo id="DESKTOP-B1I9PMJ-2cf18004" start="1622387127992" dump="1622387135779"/><sessioninfo id="DESKTOP-B1I9PMJ-bb904c48" start="1622389086900" dump="1622389089313"/><sessioninfo id="DESKTOP-B1I9PMJ-da84d093" start="1622389106548" dump="1622389108910"/><sessioninfo id="DESKTOP-B1I9PMJ-f099b407" start="1622389231899" dump="1622389234252"/><sessioninfo id="DESKTOP-B1I9PMJ-54ed2a1b" start="1622391516295" dump="1622391518812"/><sessioninfo id="DESKTOP-B1I9PMJ-4c965d0f" start="1622391553107" dump="1622391555357"/><package name="com/sweng/recipebook"><class name="com/sweng/recipebook/RecipebookApplication" sourcefilename="RecipebookApplication.java"><method name="&lt;init&gt;" desc="()V" line="7"><counter type="INSTRUCTION" missed="0" covered="3"/><counter type="LINE" missed="0" covered="1"/><counter type="COMPLEXITY" missed="0" covered="1"/><counter type="METHOD" missed="0" covered="1"/></method><method name="main" desc="([Ljava/lang/String;)V" line="10"><counter type="INSTRUCTION" missed="0" covered="5"/><counter type="LINE" missed="0" covered="2"/><counter type="COMPLEXITY" missed="0" covered="1"/><counter type="METHOD" missed="0" covered="1"/></method><counter type="INSTRUCTION" missed="0" covered="8"/><counter type="LINE" missed="0" covered="3"/><counter type="COMPLEXITY" missed="0" covered="2"/><counter type="METHOD" missed="0" covered="2"/><counter type="CLASS" missed="0" covered="1"/></class><sourcefile name="RecipebookApplication.java"><line nr="7" mi="0" ci="3" mb="0" cb="0"/><line nr="10" mi="0" ci="4" mb="0" cb="0"/><line nr="11" mi="0" ci="1" mb="0" cb="0"/><counter type="INSTRUCTION" missed="0" covered="8"/><counter type="LINE" missed="0" covered="3"/><counter type="COMPLEXITY" missed="0" covered="2"/><counter type="METHOD" missed="0" covered="2"/><counter type="CLASS" missed="0" covered="1"/></sourcefile><counter type="INSTRUCTION" missed="0" covered="8"/><counter type="LINE" missed="0" covered="3"/><counter type="COMPLEXITY" missed="0" covered="2"/><counter type="METHOD" missed="0" covered="2"/><counter type="CLASS" missed="0" covered="1"/></package><package name="com/sweng/recipebook/data"><class name="com/sweng/recipebook/data/UserDataAccess" sourcefilename="UserDataAccess.java"><method name="&lt;clinit&gt;" desc="()V" line="12"><counter type="INSTRUCTION" missed="0" covered="3"/><counter type="LINE" missed="0" covered="1"/><counter type="COMPLEXITY" missed="0" covered="1"/><counter type="METHOD" missed="0" covered="1"/></method><method name="&lt;init&gt;" desc="()V" line="11"><counter type="INSTRUCTION" missed="0" covered="3"/><counter type="LINE" missed="0" covered="1"/><counter type="COMPLEXITY" missed="0" covered="1"/><counter type="METHOD" missed="0" covered="1"/></method><method name="validateUser" desc="(Ljava/lang/String;Ljava/lang/String;)Lcom/sweng/recipebook/models/User;" line="15"><counter type="INSTRUCTION" missed="0" covered="49"/><counter type="BRANCH" missed="0" covered="2"/><counter type="LINE" missed="0" covered="11"/><counter type="COMPLEXITY" missed="0" covered="2"/><counter type="METHOD" missed="0" covered="1"/></method><counter type="INSTRUCTION" missed="0" covered="55"/><counter type="BRANCH" missed="0" covered="2"/><counter type="LINE" missed="0" covered="13"/><counter type="COMPLEXITY" missed="0" covered="4"/><counter type="METHOD" missed="0" covered="3"/><counter type="CLASS" missed="0" covered="1"/></class><class name="com/sweng/recipebook/data/DatabaseConnection" sourcefilename="DatabaseConnection.java"><method name="&lt;clinit&gt;" desc="()V" line="8"><counter type="INSTRUCTION" missed="3" covered="18"/><counter type="LINE" missed="1" covered="8"/><counter type="COMPLEXITY" missed="0" covered="1"/><counter type="METHOD" missed="0" covered="1"/></method><method name="&lt;init&gt;" desc="()V" line="7"><counter type="INSTRUCTION" missed="3" covered="0"/><counter type="LINE" missed="1" covered="0"/><counter type="COMPLEXITY" missed="1" covered="0"/><counter type="METHOD" missed="1" covered="0"/></method><method name="getConnection" desc="()Ljava/sql/Connection;" line="23"><counter type="INSTRUCTION" missed="0" covered="2"/><counter type="LINE" missed="0" covered="1"/><counter type="COMPLEXITY" missed="0" covered="1"/><counter type="METHOD" missed="0" covered="1"/></method><counter type="INSTRUCTION" missed="6" covered="20"/><counter type="LINE" missed="2" covered="9"/><counter type="COMPLEXITY" missed="1" covered="2"/><counter type="METHOD" missed="1" covered="2"/><counter type="CLASS" missed="0" covered="1"/></class><sourcefile name="UserDataAccess.java"><line nr="11" mi="0" ci="3" mb="0" cb="0"/><line nr="12" mi="0" ci="3" mb="0" cb="0"/><line nr="15" mi="0" ci="6" mb="0" cb="0"/><line nr="16" mi="0" ci="2" mb="0" cb="0"/><line nr="17" mi="0" ci="2" mb="0" cb="0"/><line nr="18" mi="0" ci="4" mb="0" cb="0"/><line nr="19" mi="0" ci="4" mb="0" cb="0"/><line nr="20" mi="0" ci="4" mb="0" cb="0"/><line nr="21" mi="0" ci="3" mb="0" cb="0"/><line nr="22" mi="0" ci="3" mb="0" cb="2"/><line nr="23" mi="0" ci="10" mb="0" cb="0"/><line nr="24" mi="0" ci="9" mb="0" cb="0"/><line nr="26" mi="0" ci="2" mb="0" cb="0"/><counter type="INSTRUCTION" missed="0" covered="55"/><counter type="BRANCH" missed="0" covered="2"/><counter type="LINE" missed="0" covered="13"/><counter type="COMPLEXITY" missed="0" covered="4"/><counter type="METHOD" missed="0" covered="3"/><counter type="CLASS" missed="0" covered="1"/></sourcefile><sourcefile name="DatabaseConnection.java"><line nr="7" mi="3" ci="0" mb="0" cb="0"/><line nr="8" mi="0" ci="2" mb="0" cb="0"/><line nr="11" mi="0" ci="2" mb="0" cb="0"/><line nr="12" mi="0" ci="2" mb="0" cb="0"/><line nr="13" mi="0" ci="2" mb="0" cb="0"/><line nr="15" mi="0" ci="3" mb="0" cb="0"/><line nr="16" mi="0" ci="5" mb="0" cb="0"/><line nr="17" mi="1" ci="1" mb="0" cb="0"/><line nr="18" mi="2" ci="0" mb="0" cb="0"/><line nr="20" mi="0" ci="1" mb="0" cb="0"/><line nr="23" mi="0" ci="2" mb="0" cb="0"/><counter type="INSTRUCTION" missed="6" covered="20"/><counter type="LINE" missed="2" covered="9"/><counter type="COMPLEXITY" missed="1" covered="2"/><counter type="METHOD" missed="1" covered="2"/><counter type="CLASS" missed="0" covered="1"/></sourcefile><counter type="INSTRUCTION" missed="6" covered="75"/><counter type="BRANCH" missed="0" covered="2"/><counter type="LINE" missed="2" covered="22"/><counter type="COMPLEXITY" missed="1" covered="6"/><counter type="METHOD" missed="1" covered="5"/><counter type="CLASS" missed="0" covered="2"/></package><package name="com/sweng/recipebook/controller"><class name="com/sweng/recipebook/controller/UserController" sourcefilename="UserController.java"><method name="&lt;init&gt;" desc="()V" line="12"><counter type="INSTRUCTION" missed="0" covered="3"/><counter type="LINE" missed="0" covered="1"/><counter type="COMPLEXITY" missed="0" covered="1"/><counter type="METHOD" missed="0" covered="1"/></method><method name="login" desc="(Ljava/util/Map;)Lcom/sweng/recipebook/models/User;" line="16"><counter type="INSTRUCTION" missed="0" covered="25"/><counter type="BRANCH" missed="0" covered="2"/><counter type="LINE" missed="0" covered="7"/><counter type="COMPLEXITY" missed="0" covered="2"/><counter type="METHOD" missed="0" covered="1"/></method><counter type="INSTRUCTION" missed="0" covered="28"/><counter type="BRANCH" missed="0" covered="2"/><counter type="LINE" missed="0" covered="8"/><counter type="COMPLEXITY" missed="0" covered="3"/><counter type="METHOD" missed="0" covered="2"/><counter type="CLASS" missed="0" covered="1"/></class><sourcefile name="UserController.java"><line nr="12" mi="0" ci="3" mb="0" cb="0"/><line nr="16" mi="0" ci="2" mb="0" cb="0"/><line nr="17" mi="0" ci="3" mb="0" cb="2"/><line nr="18" mi="0" ci="5" mb="0" cb="0"/><line nr="19" mi="0" ci="5" mb="0" cb="0"/><line nr="20" mi="0" ci="6" mb="0" cb="0"/><line nr="21" mi="0" ci="2" mb="0" cb="0"/><line nr="23" mi="0" ci="2" mb="0" cb="0"/><counter type="INSTRUCTION" missed="0" covered="28"/><counter type="BRANCH" missed="0" covered="2"/><counter type="LINE" missed="0" covered="8"/><counter type="COMPLEXITY" missed="0" covered="3"/><counter type="METHOD" missed="0" covered="2"/><counter type="CLASS" missed="0" covered="1"/></sourcefile><counter type="INSTRUCTION" missed="0" covered="28"/><counter type="BRANCH" missed="0" covered="2"/><counter type="LINE" missed="0" covered="8"/><counter type="COMPLEXITY" missed="0" covered="3"/><counter type="METHOD" missed="0" covered="2"/><counter type="CLASS" missed="0" covered="1"/></package><package name="com/sweng/recipebook/models"><class name="com/sweng/recipebook/models/User" sourcefilename="User.java"><method name="&lt;init&gt;" desc="(Ljava/lang/String;Ljava/lang/String;Ljava/lang/String;ILjava/lang/String;)V" line="13"><counter type="INSTRUCTION" missed="0" covered="18"/><counter type="LINE" missed="0" covered="7"/><counter type="COMPLEXITY" missed="0" covered="1"/><counter type="METHOD" missed="0" covered="1"/></method><method name="&lt;init&gt;" desc="(Ljava/lang/String;Ljava/lang/String;)V" line="21"><counter type="INSTRUCTION" missed="0" covered="18"/><counter type="LINE" missed="0" covered="7"/><counter type="COMPLEXITY" missed="0" covered="1"/><counter type="METHOD" missed="0" covered="1"/></method><method name="getFirstName" desc="()Ljava/lang/String;" line="30"><counter type="INSTRUCTION" missed="0" covered="3"/><counter type="LINE" missed="0" covered="1"/><counter type="COMPLEXITY" missed="0" covered="1"/><counter type="METHOD" missed="0" covered="1"/></method><method name="getLastName" desc="()Ljava/lang/String;" line="34"><counter type="INSTRUCTION" missed="0" covered="3"/><counter type="LINE" missed="0" covered="1"/><counter type="COMPLEXITY" missed="0" covered="1"/><counter type="METHOD" missed="0" covered="1"/></method><method name="getUserId" desc="()I" line="38"><counter type="INSTRUCTION" missed="0" covered="3"/><counter type="LINE" missed="0" covered="1"/><counter type="COMPLEXITY" missed="0" covered="1"/><counter type="METHOD" missed="0" covered="1"/></method><method name="getUserName" desc="()Ljava/lang/String;" line="42"><counter type="INSTRUCTION" missed="0" covered="3"/><counter type="LINE" missed="0" covered="1"/><counter type="COMPLEXITY" missed="0" covered="1"/><counter type="METHOD" missed="0" covered="1"/></method><method name="login" desc="()V" line="47"><counter type="INSTRUCTION" missed="5" covered="32"/><counter type="LINE" missed="1" covered="7"/><counter type="COMPLEXITY" missed="0" covered="1"/><counter type="METHOD" missed="0" covered="1"/></method><counter type="INSTRUCTION" missed="5" covered="80"/><counter type="LINE" missed="1" covered="25"/><counter type="COMPLEXITY" missed="0" covered="7"/><counter type="METHOD" missed="0" covered="7"/><counter type="CLASS" missed="0" covered="1"/></class><class name="com/sweng/recipebook/models/IUser" sourcefilename="IUser.java"/><sourcefile name="IUser.java"/><sourcefile name="User.java"><line nr="13" mi="0" ci="2" mb="0" cb="0"/><line nr="14" mi="0" ci="3" mb="0" cb="0"/><line nr="15" mi="0" ci="3" mb="0" cb="0"/><line nr="16" mi="0" ci="3" mb="0" cb="0"/><line nr="17" mi="0" ci="3" mb="0" cb="0"/><line nr="18" mi="0" ci="3" mb="0" cb="0"/><line nr="19" mi="0" ci="1" mb="0" cb="0"/><line nr="21" mi="0" ci="2" mb="0" cb="0"/><line nr="22" mi="0" ci="3" mb="0" cb="0"/><line nr="23" mi="0" ci="3" mb="0" cb="0"/><line nr="24" mi="0" ci="3" mb="0" cb="0"/><line nr="25" mi="0" ci="3" mb="0" cb="0"/><line nr="26" mi="0" ci="3" mb="0" cb="0"/><line nr="27" mi="0" ci="1" mb="0" cb="0"/><line nr="30" mi="0" ci="3" mb="0" cb="0"/><line nr="34" mi="0" ci="3" mb="0" cb="0"/><line nr="38" mi="0" ci="3" mb="0" cb="0"/><line nr="42" mi="0" ci="3" mb="0" cb="0"/><line nr="47" mi="0" ci="6" mb="0" cb="0"/><line nr="48" mi="0" ci="4" mb="0" cb="0"/><line nr="49" mi="0" ci="4" mb="0" cb="0"/><line nr="50" mi="0" ci="4" mb="0" cb="0"/><line nr="51" mi="0" ci="12" mb="0" cb="0"/><line nr="52" mi="1" ci="1" mb="0" cb="0"/><line nr="53" mi="4" ci="0" mb="0" cb="0"/><line nr="55" mi="0" ci="1" mb="0" cb="0"/><counter type="INSTRUCTION" missed="5" covered="80"/><counter type="LINE" missed="1" covered="25"/><counter type="COMPLEXITY" missed="0" covered="7"/><counter type="METHOD" missed="0" covered="7"/><counter type="CLASS" missed="0" covered="1"/></sourcefile><counter type="INSTRUCTION" missed="5" covered="80"/><counter type="LINE" missed="1" covered="25"/><counter type="COMPLEXITY" missed="0" covered="7"/><counter type="METHOD" missed="0" covered="7"/><counter type="CLASS" missed="0" covered="1"/></package><counter type="INSTRUCTION" missed="11" covered="191"/><counter type="BRANCH" missed="0" covered="4"/><counter type="LINE" missed="3" covered="58"/><counter type="COMPLEXITY" missed="1" covered="18"/><counter type="METHOD" missed="1" covered="16"/><counter type="CLASS" missed="0" covered="5"/></report>