GROUP,PACKAGE,CLASS,INSTRUCTION_MISSED,INSTRUCTION_COVERED,BRANCH_MISSED,BRANCH_COVERED,LINE_MISSED,LINE_COVERED,COMPLEXITY_MISSED,COMPLEXITY_COVERED,METHOD_MISSED,METHOD_COVERED
recipebook,com.sweng.recipebook.security,JWTHandler,54,32,0,0,13,5,3,1,3,1
recipebook,com.sweng.recipebook.security,JWTStatus,44,0,0,0,2,0,1,0,1,0
recipebook,com.sweng.recipebook,RecipebookApplication,8,0,0,0,3,0,2,0,2,0
recipebook,com.sweng.recipebook.data,UserDataAccess,5,122,1,7,2,33,2,8,1,5
recipebook,com.sweng.recipebook.data,DatabaseConnection,6,20,0,0,2,9,1,2,1,2
recipebook,com.sweng.recipebook.controller,UserController,1,101,8,12,0,16,8,6,0,4
recipebook,com.sweng.recipebook.models,RecipeBookUser,18,162,5,7,4,53,6,13,1,12
